\BOOKMARK [0][-]{chapter.1}{Introduzione}{}% 1
\BOOKMARK [1][-]{section.1.1}{Inquadramento generale}{chapter.1}% 2
\BOOKMARK [1][-]{section.1.2}{Breve descrizione del lavoro}{chapter.1}% 3
\BOOKMARK [1][-]{section.1.3}{Scopo e prospettive}{chapter.1}% 4
\BOOKMARK [1][-]{section.1.4}{Struttura della tesi}{chapter.1}% 5
\BOOKMARK [0][-]{chapter.2}{Stato dell'Arte}{}% 6
\BOOKMARK [1][-]{section.2.1}{Paper}{chapter.2}% 7
\BOOKMARK [1][-]{section.2.2}{Vicinato}{chapter.2}% 8
\BOOKMARK [1][-]{section.2.3}{Nozioni di base}{chapter.2}% 9
\BOOKMARK [2][-]{subsection.2.3.1}{Spazio Neighborhood}{section.2.3}% 10
\BOOKMARK [2][-]{subsection.2.3.2}{Neighborhood rispetto ad una tipologia di \040evento}{section.2.3}% 11
\BOOKMARK [2][-]{subsection.2.3.3}{Set di istanze}{section.2.3}% 12
\BOOKMARK [2][-]{subsection.2.3.4}{Participation Ratio}{section.2.3}% 13
\BOOKMARK [2][-]{subsection.2.3.5}{Participation Index}{section.2.3}% 14
\BOOKMARK [0][-]{chapter.3}{Algoritmo}{}% 15
\BOOKMARK [1][-]{section.3.1}{Algoritmo di base}{chapter.3}% 16
\BOOKMARK [1][-]{section.3.2}{Struttura ad albero}{chapter.3}% 17
\BOOKMARK [2][-]{subsection.3.2.1}{Albero}{section.3.2}% 18
\BOOKMARK [2][-]{subsection.3.2.2}{Sequence Pattern Tree}{section.3.2}% 19
\BOOKMARK [1][-]{section.3.3}{STBFM}{chapter.3}% 20
\BOOKMARK [1][-]{section.3.4}{Alternativa - Algoritmo apriori}{chapter.3}% 21
\BOOKMARK [0][-]{chapter.4}{Dataset e Implementazione}{}% 22
\BOOKMARK [1][-]{section.4.1}{Dataset}{chapter.4}% 23
\BOOKMARK [1][-]{section.4.2}{Implementazione}{chapter.4}% 24
\BOOKMARK [2][-]{subsection.4.2.1}{Node}{section.4.2}% 25
\BOOKMARK [2][-]{subsection.4.2.2}{SPTree}{section.4.2}% 26
\BOOKMARK [2][-]{subsection.4.2.3}{STBFM}{section.4.2}% 27
\BOOKMARK [0][-]{chapter.5}{Analisi dei risultati}{}% 28
\BOOKMARK [1][-]{section.5.1}{Tempi di computazione}{chapter.5}% 29
\BOOKMARK [2][-]{subsection.5.1.1}{Raggio spaziale e numero record}{section.5.1}% 30
\BOOKMARK [2][-]{subsection.5.1.2}{Intervallo temporale e numero record}{section.5.1}% 31
\BOOKMARK [2][-]{subsection.5.1.3}{Raggio e intervallo temporale}{section.5.1}% 32
\BOOKMARK [1][-]{section.5.2}{Indici}{chapter.5}% 33
\BOOKMARK [2][-]{subsection.5.2.1}{Supporto}{section.5.2}% 34
\BOOKMARK [2][-]{subsection.5.2.2}{Confidenza}{section.5.2}% 35
\BOOKMARK [2][-]{subsection.5.2.3}{Lift}{section.5.2}% 36
\BOOKMARK [1][-]{section.5.3}{Analisi}{chapter.5}% 37
\BOOKMARK [0][-]{table.caption.49}{Bibliografia}{}% 38
